2024-10-31 09:49:14,586 :  : WARN   : HikariPool.java:797 : HikariPool-1 - Thread starvation or clock leap detected (housekeeper delta=14h41m3s345ms857µs600ns).
2024-10-31 09:55:36,902 :  : INFO   : HikariDataSource.java:349 : HikariPool-1 - Shutdown initiated...
2024-10-31 09:55:36,946 :  : INFO   : HikariDataSource.java:351 : HikariPool-1 - Shutdown completed.
2024-10-31 09:55:52,445 :  : INFO   : StartupInfoLogger.java:50 : Starting CrudWithGraphQlApplication using Java 22.0.2 with PID 17240 (D:\SpringBoot\Spring Boot GraphQL\CrudWithGraphQL\target\classes started by admin in D:\SpringBoot\Spring Boot GraphQL\CrudWithGraphQL)
2024-10-31 09:55:52,465 :  : INFO   : SpringApplication.java:654 : No active profile set, falling back to 1 default profile: "default"
2024-10-31 09:55:57,443 :  : INFO   : DirectJDKLog.java:173 : Initializing ProtocolHandler ["http-nio-9098"]
2024-10-31 09:55:57,450 :  : INFO   : DirectJDKLog.java:173 : Starting service [Tomcat]
2024-10-31 09:55:57,450 :  : INFO   : DirectJDKLog.java:173 : Starting Servlet engine: [Apache Tomcat/10.1.30]
2024-10-31 09:55:57,595 :  : INFO   : DirectJDKLog.java:173 : Initializing Spring embedded WebApplicationContext
2024-10-31 09:55:58,264 :  : INFO   : LogHelper.java:31 : HHH000204: Processing PersistenceUnitInfo [name: default]
2024-10-31 09:55:58,515 :  : INFO   : Version.java:44 : HHH000412: Hibernate ORM core version 6.5.3.Final
2024-10-31 09:55:58,622 :  : INFO   : RegionFactoryInitiator.java:50 : HHH000026: Second-level cache disabled
2024-10-31 09:55:59,691 :  : INFO   : HikariDataSource.java:109 : HikariPool-1 - Starting...
2024-10-31 09:56:01,191 :  : INFO   : HikariPool.java:554 : HikariPool-1 - Added connection com.mysql.cj.jdbc.ConnectionImpl@4f7ecbd2
2024-10-31 09:56:01,198 :  : INFO   : HikariDataSource.java:122 : HikariPool-1 - Start completed.
2024-10-31 09:56:01,498 :  : WARN   : DialectFactoryImpl.java:153 : HHH90000025: MySQL8Dialect does not need to be specified explicitly using 'hibernate.dialect' (remove the property setting and it will be selected by default)
2024-10-31 09:56:01,501 :  : WARN   : DialectFactoryImpl.java:101 : HHH90000026: MySQL8Dialect has been deprecated; use org.hibernate.dialect.MySQLDialect instead
2024-10-31 09:56:04,960 :  : INFO   : JtaPlatformInitiator.java:59 : HHH000489: No JTA platform available (set 'hibernate.transaction.jta.platform' to enable JTA platform integration)
2024-10-31 09:56:09,489 :  : INFO   : DirectJDKLog.java:173 : Starting ProtocolHandler ["http-nio-9098"]
2024-10-31 09:56:09,563 :  : INFO   : StartupInfoLogger.java:56 : Started CrudWithGraphQlApplication in 18.423 seconds (process running for 29.548)
2024-10-31 09:56:09,572 :  : INFO   : CrudWithGraphQlApplication.java:21 : Spring Boot GraphQL Application Started...
2024-10-31 09:57:05,609 :  : INFO   : DirectJDKLog.java:173 : Initializing Spring DispatcherServlet 'dispatcherServlet'
2024-10-31 09:59:40,183 :  : INFO   : HikariDataSource.java:349 : HikariPool-1 - Shutdown initiated...
2024-10-31 09:59:40,197 :  : INFO   : HikariDataSource.java:351 : HikariPool-1 - Shutdown completed.
2024-10-31 09:59:54,259 :  : INFO   : StartupInfoLogger.java:50 : Starting CrudWithGraphQlApplication using Java 22.0.2 with PID 19920 (D:\SpringBoot\Spring Boot GraphQL\CrudWithGraphQL\target\classes started by admin in D:\SpringBoot\Spring Boot GraphQL\CrudWithGraphQL)
2024-10-31 09:59:54,293 :  : INFO   : SpringApplication.java:654 : No active profile set, falling back to 1 default profile: "default"
2024-10-31 09:59:59,690 :  : INFO   : DirectJDKLog.java:173 : Initializing ProtocolHandler ["http-nio-9098"]
2024-10-31 09:59:59,704 :  : INFO   : DirectJDKLog.java:173 : Starting service [Tomcat]
2024-10-31 09:59:59,706 :  : INFO   : DirectJDKLog.java:173 : Starting Servlet engine: [Apache Tomcat/10.1.30]
2024-10-31 09:59:59,905 :  : INFO   : DirectJDKLog.java:173 : Initializing Spring embedded WebApplicationContext
2024-10-31 10:00:00,614 :  : INFO   : LogHelper.java:31 : HHH000204: Processing PersistenceUnitInfo [name: default]
2024-10-31 10:00:00,906 :  : INFO   : Version.java:44 : HHH000412: Hibernate ORM core version 6.5.3.Final
2024-10-31 10:00:01,033 :  : INFO   : RegionFactoryInitiator.java:50 : HHH000026: Second-level cache disabled
2024-10-31 10:00:01,736 :  : INFO   : HikariDataSource.java:109 : HikariPool-1 - Starting...
2024-10-31 10:00:02,576 :  : INFO   : HikariPool.java:554 : HikariPool-1 - Added connection com.mysql.cj.jdbc.ConnectionImpl@594d5154
2024-10-31 10:00:02,579 :  : INFO   : HikariDataSource.java:122 : HikariPool-1 - Start completed.
2024-10-31 10:00:02,691 :  : WARN   : DialectFactoryImpl.java:153 : HHH90000025: MySQL8Dialect does not need to be specified explicitly using 'hibernate.dialect' (remove the property setting and it will be selected by default)
2024-10-31 10:00:02,693 :  : WARN   : DialectFactoryImpl.java:101 : HHH90000026: MySQL8Dialect has been deprecated; use org.hibernate.dialect.MySQLDialect instead
2024-10-31 10:00:05,206 :  : INFO   : JtaPlatformInitiator.java:59 : HHH000489: No JTA platform available (set 'hibernate.transaction.jta.platform' to enable JTA platform integration)
2024-10-31 10:00:09,386 :  : INFO   : DirectJDKLog.java:173 : Starting ProtocolHandler ["http-nio-9098"]
2024-10-31 10:00:09,523 :  : INFO   : StartupInfoLogger.java:56 : Started CrudWithGraphQlApplication in 16.262 seconds (process running for 18.415)
2024-10-31 10:00:09,540 :  : INFO   : CrudWithGraphQlApplication.java:21 : Spring Boot GraphQL Application Started...
2024-10-31 10:01:05,957 :  : INFO   : DirectJDKLog.java:173 : Stopping ProtocolHandler ["http-nio-9098"]
2024-10-31 10:01:05,974 :  : INFO   : HikariDataSource.java:349 : HikariPool-1 - Shutdown initiated...
2024-10-31 10:01:05,989 :  : INFO   : HikariDataSource.java:351 : HikariPool-1 - Shutdown completed.
2024-10-31 10:01:06,239 :  : INFO   : StartupInfoLogger.java:50 : Starting CrudWithGraphQlApplication using Java 22.0.2 with PID 19920 (D:\SpringBoot\Spring Boot GraphQL\CrudWithGraphQL\target\classes started by admin in D:\SpringBoot\Spring Boot GraphQL\CrudWithGraphQL)
2024-10-31 10:01:06,241 :  : INFO   : SpringApplication.java:654 : No active profile set, falling back to 1 default profile: "default"
2024-10-31 10:01:07,154 :  : INFO   : DirectJDKLog.java:173 : Initializing ProtocolHandler ["http-nio-9098"]
2024-10-31 10:01:07,155 :  : INFO   : DirectJDKLog.java:173 : Starting service [Tomcat]
2024-10-31 10:01:07,157 :  : INFO   : DirectJDKLog.java:173 : Starting Servlet engine: [Apache Tomcat/10.1.30]
2024-10-31 10:01:07,231 :  : INFO   : DirectJDKLog.java:173 : Initializing Spring embedded WebApplicationContext
2024-10-31 10:01:07,368 :  : INFO   : LogHelper.java:31 : HHH000204: Processing PersistenceUnitInfo [name: default]
2024-10-31 10:01:07,379 :  : INFO   : RegionFactoryInitiator.java:50 : HHH000026: Second-level cache disabled
2024-10-31 10:01:07,426 :  : INFO   : HikariDataSource.java:109 : HikariPool-2 - Starting...
2024-10-31 10:01:07,481 :  : INFO   : HikariPool.java:554 : HikariPool-2 - Added connection com.mysql.cj.jdbc.ConnectionImpl@3a80db2e
2024-10-31 10:01:07,484 :  : INFO   : HikariDataSource.java:122 : HikariPool-2 - Start completed.
2024-10-31 10:01:07,487 :  : WARN   : DialectFactoryImpl.java:153 : HHH90000025: MySQL8Dialect does not need to be specified explicitly using 'hibernate.dialect' (remove the property setting and it will be selected by default)
2024-10-31 10:01:07,487 :  : WARN   : DialectFactoryImpl.java:101 : HHH90000026: MySQL8Dialect has been deprecated; use org.hibernate.dialect.MySQLDialect instead
2024-10-31 10:01:07,778 :  : INFO   : JtaPlatformInitiator.java:59 : HHH000489: No JTA platform available (set 'hibernate.transaction.jta.platform' to enable JTA platform integration)
2024-10-31 10:01:07,860 :  : INFO   : HikariDataSource.java:349 : HikariPool-2 - Shutdown initiated...
2024-10-31 10:01:07,932 :  : INFO   : HikariDataSource.java:351 : HikariPool-2 - Shutdown completed.
2024-10-31 10:01:07,933 :  : INFO   : DirectJDKLog.java:173 : Stopping service [Tomcat]
2024-10-31 10:01:12,655 :  : INFO   : StartupInfoLogger.java:50 : Starting CrudWithGraphQlApplication using Java 22.0.2 with PID 19920 (D:\SpringBoot\Spring Boot GraphQL\CrudWithGraphQL\target\classes started by admin in D:\SpringBoot\Spring Boot GraphQL\CrudWithGraphQL)
2024-10-31 10:01:12,655 :  : INFO   : SpringApplication.java:654 : No active profile set, falling back to 1 default profile: "default"
2024-10-31 10:01:13,355 :  : INFO   : DirectJDKLog.java:173 : Initializing ProtocolHandler ["http-nio-9098"]
2024-10-31 10:01:13,355 :  : INFO   : DirectJDKLog.java:173 : Starting service [Tomcat]
2024-10-31 10:01:13,355 :  : INFO   : DirectJDKLog.java:173 : Starting Servlet engine: [Apache Tomcat/10.1.30]
2024-10-31 10:01:13,413 :  : INFO   : DirectJDKLog.java:173 : Initializing Spring embedded WebApplicationContext
2024-10-31 10:01:13,494 :  : INFO   : LogHelper.java:31 : HHH000204: Processing PersistenceUnitInfo [name: default]
2024-10-31 10:01:13,500 :  : INFO   : RegionFactoryInitiator.java:50 : HHH000026: Second-level cache disabled
2024-10-31 10:01:13,520 :  : INFO   : HikariDataSource.java:109 : HikariPool-3 - Starting...
2024-10-31 10:01:13,560 :  : INFO   : HikariPool.java:554 : HikariPool-3 - Added connection com.mysql.cj.jdbc.ConnectionImpl@7b453339
2024-10-31 10:01:13,562 :  : INFO   : HikariDataSource.java:122 : HikariPool-3 - Start completed.
2024-10-31 10:01:13,563 :  : WARN   : DialectFactoryImpl.java:153 : HHH90000025: MySQL8Dialect does not need to be specified explicitly using 'hibernate.dialect' (remove the property setting and it will be selected by default)
2024-10-31 10:01:13,564 :  : WARN   : DialectFactoryImpl.java:101 : HHH90000026: MySQL8Dialect has been deprecated; use org.hibernate.dialect.MySQLDialect instead
2024-10-31 10:01:13,788 :  : INFO   : JtaPlatformInitiator.java:59 : HHH000489: No JTA platform available (set 'hibernate.transaction.jta.platform' to enable JTA platform integration)
2024-10-31 10:01:14,356 :  : INFO   : HikariDataSource.java:349 : HikariPool-3 - Shutdown initiated...
2024-10-31 10:01:14,373 :  : INFO   : HikariDataSource.java:351 : HikariPool-3 - Shutdown completed.
2024-10-31 10:01:14,376 :  : INFO   : DirectJDKLog.java:173 : Stopping service [Tomcat]
2024-10-31 10:03:23,801 :  : INFO   : StartupInfoLogger.java:50 : Starting CrudWithGraphQlApplication using Java 22.0.2 with PID 19920 (D:\SpringBoot\Spring Boot GraphQL\CrudWithGraphQL\target\classes started by admin in D:\SpringBoot\Spring Boot GraphQL\CrudWithGraphQL)
2024-10-31 10:03:23,802 :  : INFO   : SpringApplication.java:654 : No active profile set, falling back to 1 default profile: "default"
2024-10-31 10:03:24,475 :  : INFO   : DirectJDKLog.java:173 : Initializing ProtocolHandler ["http-nio-9098"]
2024-10-31 10:03:24,475 :  : INFO   : DirectJDKLog.java:173 : Starting service [Tomcat]
2024-10-31 10:03:24,475 :  : INFO   : DirectJDKLog.java:173 : Starting Servlet engine: [Apache Tomcat/10.1.30]
2024-10-31 10:03:24,522 :  : INFO   : DirectJDKLog.java:173 : Initializing Spring embedded WebApplicationContext
2024-10-31 10:03:24,583 :  : INFO   : LogHelper.java:31 : HHH000204: Processing PersistenceUnitInfo [name: default]
2024-10-31 10:03:24,588 :  : INFO   : RegionFactoryInitiator.java:50 : HHH000026: Second-level cache disabled
2024-10-31 10:03:24,602 :  : INFO   : HikariDataSource.java:109 : HikariPool-4 - Starting...
2024-10-31 10:03:24,620 :  : INFO   : HikariPool.java:554 : HikariPool-4 - Added connection com.mysql.cj.jdbc.ConnectionImpl@607d2a7f
2024-10-31 10:03:24,621 :  : INFO   : HikariDataSource.java:122 : HikariPool-4 - Start completed.
2024-10-31 10:03:24,621 :  : WARN   : DialectFactoryImpl.java:153 : HHH90000025: MySQL8Dialect does not need to be specified explicitly using 'hibernate.dialect' (remove the property setting and it will be selected by default)
2024-10-31 10:03:24,621 :  : WARN   : DialectFactoryImpl.java:101 : HHH90000026: MySQL8Dialect has been deprecated; use org.hibernate.dialect.MySQLDialect instead
2024-10-31 10:03:24,745 :  : INFO   : JtaPlatformInitiator.java:59 : HHH000489: No JTA platform available (set 'hibernate.transaction.jta.platform' to enable JTA platform integration)
2024-10-31 10:03:25,213 :  : INFO   : HikariDataSource.java:349 : HikariPool-4 - Shutdown initiated...
2024-10-31 10:03:25,262 :  : INFO   : HikariDataSource.java:351 : HikariPool-4 - Shutdown completed.
2024-10-31 10:03:25,263 :  : INFO   : DirectJDKLog.java:173 : Stopping service [Tomcat]
2024-10-31 10:04:14,839 :  : INFO   : StartupInfoLogger.java:50 : Starting CrudWithGraphQlApplication using Java 22.0.2 with PID 19920 (D:\SpringBoot\Spring Boot GraphQL\CrudWithGraphQL\target\classes started by admin in D:\SpringBoot\Spring Boot GraphQL\CrudWithGraphQL)
2024-10-31 10:04:14,841 :  : INFO   : SpringApplication.java:654 : No active profile set, falling back to 1 default profile: "default"
2024-10-31 10:04:15,356 :  : INFO   : DirectJDKLog.java:173 : Initializing ProtocolHandler ["http-nio-9098"]
2024-10-31 10:04:15,358 :  : INFO   : DirectJDKLog.java:173 : Starting service [Tomcat]
2024-10-31 10:04:15,358 :  : INFO   : DirectJDKLog.java:173 : Starting Servlet engine: [Apache Tomcat/10.1.30]
2024-10-31 10:04:15,388 :  : INFO   : DirectJDKLog.java:173 : Initializing Spring embedded WebApplicationContext
2024-10-31 10:04:15,447 :  : INFO   : LogHelper.java:31 : HHH000204: Processing PersistenceUnitInfo [name: default]
2024-10-31 10:04:15,451 :  : INFO   : RegionFactoryInitiator.java:50 : HHH000026: Second-level cache disabled
2024-10-31 10:04:15,464 :  : INFO   : HikariDataSource.java:109 : HikariPool-5 - Starting...
2024-10-31 10:04:15,480 :  : INFO   : HikariPool.java:554 : HikariPool-5 - Added connection com.mysql.cj.jdbc.ConnectionImpl@5d2c39e1
2024-10-31 10:04:15,482 :  : INFO   : HikariDataSource.java:122 : HikariPool-5 - Start completed.
2024-10-31 10:04:15,482 :  : WARN   : DialectFactoryImpl.java:153 : HHH90000025: MySQL8Dialect does not need to be specified explicitly using 'hibernate.dialect' (remove the property setting and it will be selected by default)
2024-10-31 10:04:15,482 :  : WARN   : DialectFactoryImpl.java:101 : HHH90000026: MySQL8Dialect has been deprecated; use org.hibernate.dialect.MySQLDialect instead
2024-10-31 10:04:15,654 :  : INFO   : JtaPlatformInitiator.java:59 : HHH000489: No JTA platform available (set 'hibernate.transaction.jta.platform' to enable JTA platform integration)
2024-10-31 10:04:15,722 :  : INFO   : HikariDataSource.java:349 : HikariPool-5 - Shutdown initiated...
2024-10-31 10:04:15,756 :  : INFO   : HikariDataSource.java:351 : HikariPool-5 - Shutdown completed.
2024-10-31 10:04:15,756 :  : INFO   : DirectJDKLog.java:173 : Stopping service [Tomcat]
2024-10-31 10:04:18,168 :  : INFO   : StartupInfoLogger.java:50 : Starting CrudWithGraphQlApplication using Java 22.0.2 with PID 19920 (D:\SpringBoot\Spring Boot GraphQL\CrudWithGraphQL\target\classes started by admin in D:\SpringBoot\Spring Boot GraphQL\CrudWithGraphQL)
2024-10-31 10:04:18,168 :  : INFO   : SpringApplication.java:654 : No active profile set, falling back to 1 default profile: "default"
2024-10-31 10:04:18,869 :  : INFO   : DirectJDKLog.java:173 : Initializing ProtocolHandler ["http-nio-9098"]
2024-10-31 10:04:18,869 :  : INFO   : DirectJDKLog.java:173 : Starting service [Tomcat]
2024-10-31 10:04:18,869 :  : INFO   : DirectJDKLog.java:173 : Starting Servlet engine: [Apache Tomcat/10.1.30]
2024-10-31 10:04:18,900 :  : INFO   : DirectJDKLog.java:173 : Initializing Spring embedded WebApplicationContext
2024-10-31 10:04:18,963 :  : INFO   : LogHelper.java:31 : HHH000204: Processing PersistenceUnitInfo [name: default]
2024-10-31 10:04:18,963 :  : INFO   : RegionFactoryInitiator.java:50 : HHH000026: Second-level cache disabled
2024-10-31 10:04:18,979 :  : INFO   : HikariDataSource.java:109 : HikariPool-6 - Starting...
2024-10-31 10:04:18,994 :  : INFO   : HikariPool.java:554 : HikariPool-6 - Added connection com.mysql.cj.jdbc.ConnectionImpl@7bcd9ea7
2024-10-31 10:04:19,010 :  : INFO   : HikariDataSource.java:122 : HikariPool-6 - Start completed.
2024-10-31 10:04:19,010 :  : WARN   : DialectFactoryImpl.java:153 : HHH90000025: MySQL8Dialect does not need to be specified explicitly using 'hibernate.dialect' (remove the property setting and it will be selected by default)
2024-10-31 10:04:19,010 :  : WARN   : DialectFactoryImpl.java:101 : HHH90000026: MySQL8Dialect has been deprecated; use org.hibernate.dialect.MySQLDialect instead
2024-10-31 10:04:19,128 :  : INFO   : JtaPlatformInitiator.java:59 : HHH000489: No JTA platform available (set 'hibernate.transaction.jta.platform' to enable JTA platform integration)
2024-10-31 10:04:19,659 :  : INFO   : HikariDataSource.java:349 : HikariPool-6 - Shutdown initiated...
2024-10-31 10:04:19,692 :  : INFO   : HikariDataSource.java:351 : HikariPool-6 - Shutdown completed.
2024-10-31 10:04:19,692 :  : INFO   : DirectJDKLog.java:173 : Stopping service [Tomcat]
2024-10-31 10:05:23,687 :  : INFO   : StartupInfoLogger.java:50 : Starting CrudWithGraphQlApplication using Java 22.0.2 with PID 19920 (D:\SpringBoot\Spring Boot GraphQL\CrudWithGraphQL\target\classes started by admin in D:\SpringBoot\Spring Boot GraphQL\CrudWithGraphQL)
2024-10-31 10:05:23,689 :  : INFO   : SpringApplication.java:654 : No active profile set, falling back to 1 default profile: "default"
2024-10-31 10:05:24,368 :  : INFO   : DirectJDKLog.java:173 : Initializing ProtocolHandler ["http-nio-9098"]
2024-10-31 10:05:24,369 :  : INFO   : DirectJDKLog.java:173 : Starting service [Tomcat]
2024-10-31 10:05:24,370 :  : INFO   : DirectJDKLog.java:173 : Starting Servlet engine: [Apache Tomcat/10.1.30]
2024-10-31 10:05:24,409 :  : INFO   : DirectJDKLog.java:173 : Initializing Spring embedded WebApplicationContext
2024-10-31 10:05:24,479 :  : INFO   : LogHelper.java:31 : HHH000204: Processing PersistenceUnitInfo [name: default]
2024-10-31 10:05:24,482 :  : INFO   : RegionFactoryInitiator.java:50 : HHH000026: Second-level cache disabled
2024-10-31 10:05:24,497 :  : INFO   : HikariDataSource.java:109 : HikariPool-7 - Starting...
2024-10-31 10:05:24,525 :  : INFO   : HikariPool.java:554 : HikariPool-7 - Added connection com.mysql.cj.jdbc.ConnectionImpl@7f49ff7f
2024-10-31 10:05:24,525 :  : INFO   : HikariDataSource.java:122 : HikariPool-7 - Start completed.
2024-10-31 10:05:24,526 :  : WARN   : DialectFactoryImpl.java:153 : HHH90000025: MySQL8Dialect does not need to be specified explicitly using 'hibernate.dialect' (remove the property setting and it will be selected by default)
2024-10-31 10:05:24,527 :  : WARN   : DialectFactoryImpl.java:101 : HHH90000026: MySQL8Dialect has been deprecated; use org.hibernate.dialect.MySQLDialect instead
2024-10-31 10:05:24,637 :  : INFO   : JtaPlatformInitiator.java:59 : HHH000489: No JTA platform available (set 'hibernate.transaction.jta.platform' to enable JTA platform integration)
2024-10-31 10:05:24,969 :  : INFO   : HikariDataSource.java:349 : HikariPool-7 - Shutdown initiated...
2024-10-31 10:05:24,995 :  : INFO   : HikariDataSource.java:351 : HikariPool-7 - Shutdown completed.
2024-10-31 10:05:24,996 :  : INFO   : DirectJDKLog.java:173 : Stopping service [Tomcat]
2024-10-31 10:05:28,602 :  : INFO   : StartupInfoLogger.java:50 : Starting CrudWithGraphQlApplication using Java 22.0.2 with PID 19920 (D:\SpringBoot\Spring Boot GraphQL\CrudWithGraphQL\target\classes started by admin in D:\SpringBoot\Spring Boot GraphQL\CrudWithGraphQL)
2024-10-31 10:05:28,602 :  : INFO   : SpringApplication.java:654 : No active profile set, falling back to 1 default profile: "default"
2024-10-31 10:05:29,117 :  : INFO   : DirectJDKLog.java:173 : Initializing ProtocolHandler ["http-nio-9098"]
2024-10-31 10:05:29,117 :  : INFO   : DirectJDKLog.java:173 : Starting service [Tomcat]
2024-10-31 10:05:29,117 :  : INFO   : DirectJDKLog.java:173 : Starting Servlet engine: [Apache Tomcat/10.1.30]
2024-10-31 10:05:29,145 :  : INFO   : DirectJDKLog.java:173 : Initializing Spring embedded WebApplicationContext
2024-10-31 10:05:29,188 :  : INFO   : LogHelper.java:31 : HHH000204: Processing PersistenceUnitInfo [name: default]
2024-10-31 10:05:29,198 :  : INFO   : RegionFactoryInitiator.java:50 : HHH000026: Second-level cache disabled
2024-10-31 10:05:29,217 :  : INFO   : HikariDataSource.java:109 : HikariPool-8 - Starting...
2024-10-31 10:05:29,232 :  : INFO   : HikariPool.java:554 : HikariPool-8 - Added connection com.mysql.cj.jdbc.ConnectionImpl@7b24a3ab
2024-10-31 10:05:29,232 :  : INFO   : HikariDataSource.java:122 : HikariPool-8 - Start completed.
2024-10-31 10:05:29,238 :  : WARN   : DialectFactoryImpl.java:153 : HHH90000025: MySQL8Dialect does not need to be specified explicitly using 'hibernate.dialect' (remove the property setting and it will be selected by default)
2024-10-31 10:05:29,238 :  : WARN   : DialectFactoryImpl.java:101 : HHH90000026: MySQL8Dialect has been deprecated; use org.hibernate.dialect.MySQLDialect instead
2024-10-31 10:05:29,405 :  : INFO   : JtaPlatformInitiator.java:59 : HHH000489: No JTA platform available (set 'hibernate.transaction.jta.platform' to enable JTA platform integration)
2024-10-31 10:05:29,783 :  : INFO   : HikariDataSource.java:349 : HikariPool-8 - Shutdown initiated...
2024-10-31 10:05:29,832 :  : INFO   : HikariDataSource.java:351 : HikariPool-8 - Shutdown completed.
2024-10-31 10:05:29,834 :  : INFO   : DirectJDKLog.java:173 : Stopping service [Tomcat]
2024-10-31 10:05:51,847 :  : INFO   : StartupInfoLogger.java:50 : Starting CrudWithGraphQlApplication using Java 22.0.2 with PID 19920 (D:\SpringBoot\Spring Boot GraphQL\CrudWithGraphQL\target\classes started by admin in D:\SpringBoot\Spring Boot GraphQL\CrudWithGraphQL)
2024-10-31 10:05:51,848 :  : INFO   : SpringApplication.java:654 : No active profile set, falling back to 1 default profile: "default"
2024-10-31 10:05:52,699 :  : INFO   : DirectJDKLog.java:173 : Initializing ProtocolHandler ["http-nio-9098"]
2024-10-31 10:05:52,702 :  : INFO   : DirectJDKLog.java:173 : Starting service [Tomcat]
2024-10-31 10:05:52,702 :  : INFO   : DirectJDKLog.java:173 : Starting Servlet engine: [Apache Tomcat/10.1.30]
2024-10-31 10:05:52,796 :  : INFO   : DirectJDKLog.java:173 : Initializing Spring embedded WebApplicationContext
2024-10-31 10:05:52,972 :  : INFO   : LogHelper.java:31 : HHH000204: Processing PersistenceUnitInfo [name: default]
2024-10-31 10:05:52,977 :  : INFO   : RegionFactoryInitiator.java:50 : HHH000026: Second-level cache disabled
2024-10-31 10:05:52,996 :  : INFO   : HikariDataSource.java:109 : HikariPool-9 - Starting...
2024-10-31 10:05:53,032 :  : INFO   : HikariPool.java:554 : HikariPool-9 - Added connection com.mysql.cj.jdbc.ConnectionImpl@12c316
2024-10-31 10:05:53,033 :  : INFO   : HikariDataSource.java:122 : HikariPool-9 - Start completed.
2024-10-31 10:05:53,035 :  : WARN   : DialectFactoryImpl.java:153 : HHH90000025: MySQL8Dialect does not need to be specified explicitly using 'hibernate.dialect' (remove the property setting and it will be selected by default)
2024-10-31 10:05:53,035 :  : WARN   : DialectFactoryImpl.java:101 : HHH90000026: MySQL8Dialect has been deprecated; use org.hibernate.dialect.MySQLDialect instead
2024-10-31 10:05:53,187 :  : INFO   : JtaPlatformInitiator.java:59 : HHH000489: No JTA platform available (set 'hibernate.transaction.jta.platform' to enable JTA platform integration)
2024-10-31 10:05:53,511 :  : INFO   : HikariDataSource.java:349 : HikariPool-9 - Shutdown initiated...
2024-10-31 10:05:53,535 :  : INFO   : HikariDataSource.java:351 : HikariPool-9 - Shutdown completed.
2024-10-31 10:05:53,537 :  : INFO   : DirectJDKLog.java:173 : Stopping service [Tomcat]
2024-10-31 10:07:32,133 :  : INFO   : StartupInfoLogger.java:50 : Starting CrudWithGraphQlApplication using Java 22.0.2 with PID 19920 (D:\SpringBoot\Spring Boot GraphQL\CrudWithGraphQL\target\classes started by admin in D:\SpringBoot\Spring Boot GraphQL\CrudWithGraphQL)
2024-10-31 10:07:32,134 :  : INFO   : SpringApplication.java:654 : No active profile set, falling back to 1 default profile: "default"
2024-10-31 10:07:32,625 :  : INFO   : DirectJDKLog.java:173 : Initializing ProtocolHandler ["http-nio-9098"]
2024-10-31 10:07:32,626 :  : INFO   : DirectJDKLog.java:173 : Starting service [Tomcat]
2024-10-31 10:07:32,628 :  : INFO   : DirectJDKLog.java:173 : Starting Servlet engine: [Apache Tomcat/10.1.30]
2024-10-31 10:07:32,761 :  : INFO   : DirectJDKLog.java:173 : Initializing Spring embedded WebApplicationContext
2024-10-31 10:07:32,886 :  : INFO   : LogHelper.java:31 : HHH000204: Processing PersistenceUnitInfo [name: default]
2024-10-31 10:07:32,895 :  : INFO   : RegionFactoryInitiator.java:50 : HHH000026: Second-level cache disabled
2024-10-31 10:07:32,919 :  : INFO   : HikariDataSource.java:109 : HikariPool-10 - Starting...
2024-10-31 10:07:32,946 :  : INFO   : HikariPool.java:554 : HikariPool-10 - Added connection com.mysql.cj.jdbc.ConnectionImpl@173b7131
2024-10-31 10:07:32,947 :  : INFO   : HikariDataSource.java:122 : HikariPool-10 - Start completed.
2024-10-31 10:07:32,948 :  : WARN   : DialectFactoryImpl.java:153 : HHH90000025: MySQL8Dialect does not need to be specified explicitly using 'hibernate.dialect' (remove the property setting and it will be selected by default)
2024-10-31 10:07:32,949 :  : WARN   : DialectFactoryImpl.java:101 : HHH90000026: MySQL8Dialect has been deprecated; use org.hibernate.dialect.MySQLDialect instead
2024-10-31 10:07:33,054 :  : INFO   : JtaPlatformInitiator.java:59 : HHH000489: No JTA platform available (set 'hibernate.transaction.jta.platform' to enable JTA platform integration)
2024-10-31 10:07:33,402 :  : INFO   : HikariDataSource.java:349 : HikariPool-10 - Shutdown initiated...
2024-10-31 10:07:33,432 :  : INFO   : HikariDataSource.java:351 : HikariPool-10 - Shutdown completed.
2024-10-31 10:07:33,434 :  : INFO   : DirectJDKLog.java:173 : Stopping service [Tomcat]
2024-10-31 10:08:56,802 :  : INFO   : StartupInfoLogger.java:50 : Starting CrudWithGraphQlApplication using Java 22.0.2 with PID 19920 (D:\SpringBoot\Spring Boot GraphQL\CrudWithGraphQL\target\classes started by admin in D:\SpringBoot\Spring Boot GraphQL\CrudWithGraphQL)
2024-10-31 10:08:56,803 :  : INFO   : SpringApplication.java:654 : No active profile set, falling back to 1 default profile: "default"
2024-10-31 10:08:57,451 :  : INFO   : DirectJDKLog.java:173 : Initializing ProtocolHandler ["http-nio-9098"]
2024-10-31 10:08:57,452 :  : INFO   : DirectJDKLog.java:173 : Starting service [Tomcat]
2024-10-31 10:08:57,452 :  : INFO   : DirectJDKLog.java:173 : Starting Servlet engine: [Apache Tomcat/10.1.30]
2024-10-31 10:08:57,497 :  : INFO   : DirectJDKLog.java:173 : Initializing Spring embedded WebApplicationContext
2024-10-31 10:08:57,550 :  : INFO   : LogHelper.java:31 : HHH000204: Processing PersistenceUnitInfo [name: default]
2024-10-31 10:08:57,554 :  : INFO   : RegionFactoryInitiator.java:50 : HHH000026: Second-level cache disabled
2024-10-31 10:08:57,565 :  : INFO   : HikariDataSource.java:109 : HikariPool-11 - Starting...
2024-10-31 10:08:57,593 :  : INFO   : HikariPool.java:554 : HikariPool-11 - Added connection com.mysql.cj.jdbc.ConnectionImpl@6f3c74d0
2024-10-31 10:08:57,593 :  : INFO   : HikariDataSource.java:122 : HikariPool-11 - Start completed.
2024-10-31 10:08:57,594 :  : WARN   : DialectFactoryImpl.java:153 : HHH90000025: MySQL8Dialect does not need to be specified explicitly using 'hibernate.dialect' (remove the property setting and it will be selected by default)
2024-10-31 10:08:57,596 :  : WARN   : DialectFactoryImpl.java:101 : HHH90000026: MySQL8Dialect has been deprecated; use org.hibernate.dialect.MySQLDialect instead
2024-10-31 10:08:57,731 :  : INFO   : JtaPlatformInitiator.java:59 : HHH000489: No JTA platform available (set 'hibernate.transaction.jta.platform' to enable JTA platform integration)
2024-10-31 10:08:57,799 :  : INFO   : HikariDataSource.java:349 : HikariPool-11 - Shutdown initiated...
2024-10-31 10:08:57,826 :  : INFO   : HikariDataSource.java:351 : HikariPool-11 - Shutdown completed.
2024-10-31 10:08:57,827 :  : INFO   : DirectJDKLog.java:173 : Stopping service [Tomcat]
2024-10-31 10:09:01,452 :  : INFO   : StartupInfoLogger.java:50 : Starting CrudWithGraphQlApplication using Java 22.0.2 with PID 19920 (D:\SpringBoot\Spring Boot GraphQL\CrudWithGraphQL\target\classes started by admin in D:\SpringBoot\Spring Boot GraphQL\CrudWithGraphQL)
2024-10-31 10:09:01,452 :  : INFO   : SpringApplication.java:654 : No active profile set, falling back to 1 default profile: "default"
2024-10-31 10:09:01,982 :  : INFO   : DirectJDKLog.java:173 : Initializing ProtocolHandler ["http-nio-9098"]
2024-10-31 10:09:01,982 :  : INFO   : DirectJDKLog.java:173 : Starting service [Tomcat]
2024-10-31 10:09:01,982 :  : INFO   : DirectJDKLog.java:173 : Starting Servlet engine: [Apache Tomcat/10.1.30]
2024-10-31 10:09:02,030 :  : INFO   : DirectJDKLog.java:173 : Initializing Spring embedded WebApplicationContext
2024-10-31 10:09:02,151 :  : INFO   : LogHelper.java:31 : HHH000204: Processing PersistenceUnitInfo [name: default]
2024-10-31 10:09:02,156 :  : INFO   : RegionFactoryInitiator.java:50 : HHH000026: Second-level cache disabled
2024-10-31 10:09:02,168 :  : INFO   : HikariDataSource.java:109 : HikariPool-12 - Starting...
2024-10-31 10:09:02,199 :  : INFO   : HikariPool.java:554 : HikariPool-12 - Added connection com.mysql.cj.jdbc.ConnectionImpl@3a9f7aef
2024-10-31 10:09:02,199 :  : INFO   : HikariDataSource.java:122 : HikariPool-12 - Start completed.
2024-10-31 10:09:02,199 :  : WARN   : DialectFactoryImpl.java:153 : HHH90000025: MySQL8Dialect does not need to be specified explicitly using 'hibernate.dialect' (remove the property setting and it will be selected by default)
2024-10-31 10:09:02,199 :  : WARN   : DialectFactoryImpl.java:101 : HHH90000026: MySQL8Dialect has been deprecated; use org.hibernate.dialect.MySQLDialect instead
2024-10-31 10:09:02,283 :  : INFO   : JtaPlatformInitiator.java:59 : HHH000489: No JTA platform available (set 'hibernate.transaction.jta.platform' to enable JTA platform integration)
2024-10-31 10:09:02,651 :  : INFO   : HikariDataSource.java:349 : HikariPool-12 - Shutdown initiated...
2024-10-31 10:09:02,656 :  : INFO   : HikariDataSource.java:351 : HikariPool-12 - Shutdown completed.
2024-10-31 10:09:02,656 :  : INFO   : DirectJDKLog.java:173 : Stopping service [Tomcat]
2024-10-31 10:10:30,465 :  : INFO   : StartupInfoLogger.java:50 : Starting CrudWithGraphQlApplication using Java 22.0.2 with PID 19920 (D:\SpringBoot\Spring Boot GraphQL\CrudWithGraphQL\target\classes started by admin in D:\SpringBoot\Spring Boot GraphQL\CrudWithGraphQL)
2024-10-31 10:10:30,466 :  : INFO   : SpringApplication.java:654 : No active profile set, falling back to 1 default profile: "default"
2024-10-31 10:10:30,920 :  : INFO   : DirectJDKLog.java:173 : Initializing ProtocolHandler ["http-nio-9098"]
2024-10-31 10:10:30,921 :  : INFO   : DirectJDKLog.java:173 : Starting service [Tomcat]
2024-10-31 10:10:30,921 :  : INFO   : DirectJDKLog.java:173 : Starting Servlet engine: [Apache Tomcat/10.1.30]
2024-10-31 10:10:30,948 :  : INFO   : DirectJDKLog.java:173 : Initializing Spring embedded WebApplicationContext
2024-10-31 10:10:30,999 :  : INFO   : LogHelper.java:31 : HHH000204: Processing PersistenceUnitInfo [name: default]
2024-10-31 10:10:31,003 :  : INFO   : RegionFactoryInitiator.java:50 : HHH000026: Second-level cache disabled
2024-10-31 10:10:31,013 :  : INFO   : HikariDataSource.java:109 : HikariPool-13 - Starting...
2024-10-31 10:10:31,033 :  : INFO   : HikariPool.java:554 : HikariPool-13 - Added connection com.mysql.cj.jdbc.ConnectionImpl@675721d6
2024-10-31 10:10:31,034 :  : INFO   : HikariDataSource.java:122 : HikariPool-13 - Start completed.
2024-10-31 10:10:31,035 :  : WARN   : DialectFactoryImpl.java:153 : HHH90000025: MySQL8Dialect does not need to be specified explicitly using 'hibernate.dialect' (remove the property setting and it will be selected by default)
2024-10-31 10:10:31,035 :  : WARN   : DialectFactoryImpl.java:101 : HHH90000026: MySQL8Dialect has been deprecated; use org.hibernate.dialect.MySQLDialect instead
2024-10-31 10:10:31,161 :  : INFO   : JtaPlatformInitiator.java:59 : HHH000489: No JTA platform available (set 'hibernate.transaction.jta.platform' to enable JTA platform integration)
2024-10-31 10:10:31,508 :  : INFO   : HikariDataSource.java:349 : HikariPool-13 - Shutdown initiated...
2024-10-31 10:10:31,531 :  : INFO   : HikariDataSource.java:351 : HikariPool-13 - Shutdown completed.
2024-10-31 10:10:31,532 :  : INFO   : DirectJDKLog.java:173 : Stopping service [Tomcat]
2024-10-31 10:10:35,132 :  : INFO   : StartupInfoLogger.java:50 : Starting CrudWithGraphQlApplication using Java 22.0.2 with PID 19920 (D:\SpringBoot\Spring Boot GraphQL\CrudWithGraphQL\target\classes started by admin in D:\SpringBoot\Spring Boot GraphQL\CrudWithGraphQL)
2024-10-31 10:10:35,132 :  : INFO   : SpringApplication.java:654 : No active profile set, falling back to 1 default profile: "default"
2024-10-31 10:10:35,731 :  : INFO   : DirectJDKLog.java:173 : Initializing ProtocolHandler ["http-nio-9098"]
2024-10-31 10:10:35,733 :  : INFO   : DirectJDKLog.java:173 : Starting service [Tomcat]
2024-10-31 10:10:35,733 :  : INFO   : DirectJDKLog.java:173 : Starting Servlet engine: [Apache Tomcat/10.1.30]
2024-10-31 10:10:35,785 :  : INFO   : DirectJDKLog.java:173 : Initializing Spring embedded WebApplicationContext
2024-10-31 10:10:35,865 :  : INFO   : LogHelper.java:31 : HHH000204: Processing PersistenceUnitInfo [name: default]
2024-10-31 10:10:35,868 :  : INFO   : RegionFactoryInitiator.java:50 : HHH000026: Second-level cache disabled
2024-10-31 10:10:35,877 :  : INFO   : HikariDataSource.java:109 : HikariPool-14 - Starting...
2024-10-31 10:10:35,893 :  : INFO   : HikariPool.java:554 : HikariPool-14 - Added connection com.mysql.cj.jdbc.ConnectionImpl@1332936e
2024-10-31 10:10:35,893 :  : INFO   : HikariDataSource.java:122 : HikariPool-14 - Start completed.
2024-10-31 10:10:35,893 :  : WARN   : DialectFactoryImpl.java:153 : HHH90000025: MySQL8Dialect does not need to be specified explicitly using 'hibernate.dialect' (remove the property setting and it will be selected by default)
2024-10-31 10:10:35,893 :  : WARN   : DialectFactoryImpl.java:101 : HHH90000026: MySQL8Dialect has been deprecated; use org.hibernate.dialect.MySQLDialect instead
2024-10-31 10:10:36,027 :  : INFO   : JtaPlatformInitiator.java:59 : HHH000489: No JTA platform available (set 'hibernate.transaction.jta.platform' to enable JTA platform integration)
2024-10-31 10:10:36,496 :  : INFO   : HikariDataSource.java:349 : HikariPool-14 - Shutdown initiated...
2024-10-31 10:10:36,507 :  : INFO   : HikariDataSource.java:351 : HikariPool-14 - Shutdown completed.
2024-10-31 10:10:36,509 :  : INFO   : DirectJDKLog.java:173 : Stopping service [Tomcat]
2024-10-31 10:11:49,924 :  : INFO   : StartupInfoLogger.java:50 : Starting CrudWithGraphQlApplication using Java 22.0.2 with PID 19920 (D:\SpringBoot\Spring Boot GraphQL\CrudWithGraphQL\target\classes started by admin in D:\SpringBoot\Spring Boot GraphQL\CrudWithGraphQL)
2024-10-31 10:11:49,927 :  : INFO   : SpringApplication.java:654 : No active profile set, falling back to 1 default profile: "default"
2024-10-31 10:11:50,556 :  : INFO   : DirectJDKLog.java:173 : Initializing ProtocolHandler ["http-nio-9098"]
2024-10-31 10:11:50,559 :  : INFO   : DirectJDKLog.java:173 : Starting service [Tomcat]
2024-10-31 10:11:50,559 :  : INFO   : DirectJDKLog.java:173 : Starting Servlet engine: [Apache Tomcat/10.1.30]
2024-10-31 10:11:50,614 :  : INFO   : DirectJDKLog.java:173 : Initializing Spring embedded WebApplicationContext
2024-10-31 10:11:50,716 :  : INFO   : LogHelper.java:31 : HHH000204: Processing PersistenceUnitInfo [name: default]
2024-10-31 10:11:50,730 :  : INFO   : RegionFactoryInitiator.java:50 : HHH000026: Second-level cache disabled
2024-10-31 10:11:50,763 :  : INFO   : HikariDataSource.java:109 : HikariPool-15 - Starting...
2024-10-31 10:11:50,804 :  : INFO   : HikariPool.java:554 : HikariPool-15 - Added connection com.mysql.cj.jdbc.ConnectionImpl@2a2cdf26
2024-10-31 10:11:50,806 :  : INFO   : HikariDataSource.java:122 : HikariPool-15 - Start completed.
2024-10-31 10:11:50,808 :  : WARN   : DialectFactoryImpl.java:153 : HHH90000025: MySQL8Dialect does not need to be specified explicitly using 'hibernate.dialect' (remove the property setting and it will be selected by default)
2024-10-31 10:11:50,808 :  : WARN   : DialectFactoryImpl.java:101 : HHH90000026: MySQL8Dialect has been deprecated; use org.hibernate.dialect.MySQLDialect instead
2024-10-31 10:11:50,948 :  : INFO   : JtaPlatformInitiator.java:59 : HHH000489: No JTA platform available (set 'hibernate.transaction.jta.platform' to enable JTA platform integration)
2024-10-31 10:11:51,326 :  : INFO   : HikariDataSource.java:349 : HikariPool-15 - Shutdown initiated...
2024-10-31 10:11:51,379 :  : INFO   : HikariDataSource.java:351 : HikariPool-15 - Shutdown completed.
2024-10-31 10:11:51,379 :  : INFO   : DirectJDKLog.java:173 : Stopping service [Tomcat]
2024-10-31 10:14:58,559 :  : INFO   : StartupInfoLogger.java:50 : Starting CrudWithGraphQlApplication using Java 22.0.2 with PID 2872 (D:\SpringBoot\Spring Boot GraphQL\CrudWithGraphQL\target\classes started by admin in D:\SpringBoot\Spring Boot GraphQL\CrudWithGraphQL)
2024-10-31 10:14:58,595 :  : INFO   : SpringApplication.java:654 : No active profile set, falling back to 1 default profile: "default"
2024-10-31 10:15:02,083 :  : INFO   : DirectJDKLog.java:173 : Initializing ProtocolHandler ["http-nio-9098"]
2024-10-31 10:15:02,094 :  : INFO   : DirectJDKLog.java:173 : Starting service [Tomcat]
2024-10-31 10:15:02,094 :  : INFO   : DirectJDKLog.java:173 : Starting Servlet engine: [Apache Tomcat/10.1.30]
2024-10-31 10:15:02,213 :  : INFO   : DirectJDKLog.java:173 : Initializing Spring embedded WebApplicationContext
2024-10-31 10:15:02,644 :  : INFO   : LogHelper.java:31 : HHH000204: Processing PersistenceUnitInfo [name: default]
2024-10-31 10:15:02,809 :  : INFO   : Version.java:44 : HHH000412: Hibernate ORM core version 6.5.3.Final
2024-10-31 10:15:02,902 :  : INFO   : RegionFactoryInitiator.java:50 : HHH000026: Second-level cache disabled
2024-10-31 10:15:03,683 :  : INFO   : HikariDataSource.java:109 : HikariPool-1 - Starting...
2024-10-31 10:15:04,706 :  : INFO   : HikariPool.java:554 : HikariPool-1 - Added connection com.mysql.cj.jdbc.ConnectionImpl@4f63cf5
2024-10-31 10:15:04,709 :  : INFO   : HikariDataSource.java:122 : HikariPool-1 - Start completed.
2024-10-31 10:15:04,839 :  : WARN   : DialectFactoryImpl.java:153 : HHH90000025: MySQL8Dialect does not need to be specified explicitly using 'hibernate.dialect' (remove the property setting and it will be selected by default)
2024-10-31 10:15:04,843 :  : WARN   : DialectFactoryImpl.java:101 : HHH90000026: MySQL8Dialect has been deprecated; use org.hibernate.dialect.MySQLDialect instead
2024-10-31 10:15:06,953 :  : INFO   : JtaPlatformInitiator.java:59 : HHH000489: No JTA platform available (set 'hibernate.transaction.jta.platform' to enable JTA platform integration)
2024-10-31 10:15:09,762 :  : INFO   : DirectJDKLog.java:173 : Starting ProtocolHandler ["http-nio-9098"]
2024-10-31 10:15:09,801 :  : INFO   : StartupInfoLogger.java:56 : Started CrudWithGraphQlApplication in 12.289 seconds (process running for 14.35)
2024-10-31 10:15:09,806 :  : INFO   : CrudWithGraphQlApplication.java:21 : Spring Boot GraphQL Application Started...
2024-10-31 10:15:21,569 :  : INFO   : DirectJDKLog.java:173 : Initializing Spring DispatcherServlet 'dispatcherServlet'
2024-10-31 10:16:43,205 :  : INFO   : DirectJDKLog.java:173 : Stopping ProtocolHandler ["http-nio-9098"]
2024-10-31 10:16:43,250 :  : INFO   : HikariDataSource.java:349 : HikariPool-1 - Shutdown initiated...
2024-10-31 10:16:43,284 :  : INFO   : HikariDataSource.java:351 : HikariPool-1 - Shutdown completed.
2024-10-31 10:16:43,503 :  : INFO   : StartupInfoLogger.java:50 : Starting CrudWithGraphQlApplication using Java 22.0.2 with PID 2872 (D:\SpringBoot\Spring Boot GraphQL\CrudWithGraphQL\target\classes started by admin in D:\SpringBoot\Spring Boot GraphQL\CrudWithGraphQL)
2024-10-31 10:16:43,505 :  : INFO   : SpringApplication.java:654 : No active profile set, falling back to 1 default profile: "default"
2024-10-31 10:16:44,365 :  : INFO   : DirectJDKLog.java:173 : Initializing ProtocolHandler ["http-nio-9098"]
2024-10-31 10:16:44,366 :  : INFO   : DirectJDKLog.java:173 : Starting service [Tomcat]
2024-10-31 10:16:44,367 :  : INFO   : DirectJDKLog.java:173 : Starting Servlet engine: [Apache Tomcat/10.1.30]
2024-10-31 10:16:44,429 :  : INFO   : DirectJDKLog.java:173 : Initializing Spring embedded WebApplicationContext
2024-10-31 10:16:44,532 :  : INFO   : LogHelper.java:31 : HHH000204: Processing PersistenceUnitInfo [name: default]
2024-10-31 10:16:44,540 :  : INFO   : RegionFactoryInitiator.java:50 : HHH000026: Second-level cache disabled
2024-10-31 10:16:44,590 :  : INFO   : HikariDataSource.java:109 : HikariPool-2 - Starting...
2024-10-31 10:16:44,648 :  : INFO   : HikariPool.java:554 : HikariPool-2 - Added connection com.mysql.cj.jdbc.ConnectionImpl@6e97fb1c
2024-10-31 10:16:44,649 :  : INFO   : HikariDataSource.java:122 : HikariPool-2 - Start completed.
2024-10-31 10:16:44,650 :  : WARN   : DialectFactoryImpl.java:153 : HHH90000025: MySQL8Dialect does not need to be specified explicitly using 'hibernate.dialect' (remove the property setting and it will be selected by default)
2024-10-31 10:16:44,651 :  : WARN   : DialectFactoryImpl.java:101 : HHH90000026: MySQL8Dialect has been deprecated; use org.hibernate.dialect.MySQLDialect instead
2024-10-31 10:16:44,874 :  : INFO   : JtaPlatformInitiator.java:59 : HHH000489: No JTA platform available (set 'hibernate.transaction.jta.platform' to enable JTA platform integration)
2024-10-31 10:16:44,935 :  : INFO   : HikariDataSource.java:349 : HikariPool-2 - Shutdown initiated...
2024-10-31 10:16:44,953 :  : INFO   : HikariDataSource.java:351 : HikariPool-2 - Shutdown completed.
2024-10-31 10:16:44,955 :  : INFO   : DirectJDKLog.java:173 : Stopping service [Tomcat]
2024-10-31 10:16:49,652 :  : INFO   : StartupInfoLogger.java:50 : Starting CrudWithGraphQlApplication using Java 22.0.2 with PID 2872 (D:\SpringBoot\Spring Boot GraphQL\CrudWithGraphQL\target\classes started by admin in D:\SpringBoot\Spring Boot GraphQL\CrudWithGraphQL)
2024-10-31 10:16:49,654 :  : INFO   : SpringApplication.java:654 : No active profile set, falling back to 1 default profile: "default"
2024-10-31 10:16:50,990 :  : INFO   : DirectJDKLog.java:173 : Initializing ProtocolHandler ["http-nio-9098"]
2024-10-31 10:16:50,991 :  : INFO   : DirectJDKLog.java:173 : Starting service [Tomcat]
2024-10-31 10:16:50,992 :  : INFO   : DirectJDKLog.java:173 : Starting Servlet engine: [Apache Tomcat/10.1.30]
2024-10-31 10:16:51,040 :  : INFO   : DirectJDKLog.java:173 : Initializing Spring embedded WebApplicationContext
2024-10-31 10:16:51,111 :  : INFO   : LogHelper.java:31 : HHH000204: Processing PersistenceUnitInfo [name: default]
2024-10-31 10:16:51,114 :  : INFO   : RegionFactoryInitiator.java:50 : HHH000026: Second-level cache disabled
2024-10-31 10:16:51,128 :  : INFO   : HikariDataSource.java:109 : HikariPool-3 - Starting...
2024-10-31 10:16:51,151 :  : INFO   : HikariPool.java:554 : HikariPool-3 - Added connection com.mysql.cj.jdbc.ConnectionImpl@2dc0ce7b
2024-10-31 10:16:51,152 :  : INFO   : HikariDataSource.java:122 : HikariPool-3 - Start completed.
2024-10-31 10:16:51,153 :  : WARN   : DialectFactoryImpl.java:153 : HHH90000025: MySQL8Dialect does not need to be specified explicitly using 'hibernate.dialect' (remove the property setting and it will be selected by default)
2024-10-31 10:16:51,153 :  : WARN   : DialectFactoryImpl.java:101 : HHH90000026: MySQL8Dialect has been deprecated; use org.hibernate.dialect.MySQLDialect instead
2024-10-31 10:16:51,302 :  : INFO   : JtaPlatformInitiator.java:59 : HHH000489: No JTA platform available (set 'hibernate.transaction.jta.platform' to enable JTA platform integration)
2024-10-31 10:16:51,956 :  : INFO   : DirectJDKLog.java:173 : Starting ProtocolHandler ["http-nio-9098"]
2024-10-31 10:16:51,972 :  : INFO   : StartupInfoLogger.java:56 : Started CrudWithGraphQlApplication in 2.43 seconds (process running for 116.52)
2024-10-31 10:16:51,976 :  : INFO   : CrudWithGraphQlApplication.java:21 : Spring Boot GraphQL Application Started...
2024-10-31 10:18:11,257 :  : INFO   : DirectJDKLog.java:173 : Stopping ProtocolHandler ["http-nio-9098"]
2024-10-31 10:18:11,269 :  : INFO   : HikariDataSource.java:349 : HikariPool-3 - Shutdown initiated...
2024-10-31 10:18:11,278 :  : INFO   : HikariDataSource.java:351 : HikariPool-3 - Shutdown completed.
2024-10-31 10:18:11,433 :  : INFO   : StartupInfoLogger.java:50 : Starting CrudWithGraphQlApplication using Java 22.0.2 with PID 2872 (D:\SpringBoot\Spring Boot GraphQL\CrudWithGraphQL\target\classes started by admin in D:\SpringBoot\Spring Boot GraphQL\CrudWithGraphQL)
2024-10-31 10:18:11,434 :  : INFO   : SpringApplication.java:654 : No active profile set, falling back to 1 default profile: "default"
2024-10-31 10:18:11,998 :  : INFO   : DirectJDKLog.java:173 : Initializing ProtocolHandler ["http-nio-9098"]
2024-10-31 10:18:12,000 :  : INFO   : DirectJDKLog.java:173 : Starting service [Tomcat]
2024-10-31 10:18:12,000 :  : INFO   : DirectJDKLog.java:173 : Starting Servlet engine: [Apache Tomcat/10.1.30]
2024-10-31 10:18:12,044 :  : INFO   : DirectJDKLog.java:173 : Initializing Spring embedded WebApplicationContext
2024-10-31 10:18:12,132 :  : INFO   : LogHelper.java:31 : HHH000204: Processing PersistenceUnitInfo [name: default]
2024-10-31 10:18:12,144 :  : INFO   : RegionFactoryInitiator.java:50 : HHH000026: Second-level cache disabled
2024-10-31 10:18:12,172 :  : INFO   : HikariDataSource.java:109 : HikariPool-4 - Starting...
2024-10-31 10:18:12,205 :  : INFO   : HikariPool.java:554 : HikariPool-4 - Added connection com.mysql.cj.jdbc.ConnectionImpl@73c14cbb
2024-10-31 10:18:12,205 :  : INFO   : HikariDataSource.java:122 : HikariPool-4 - Start completed.
2024-10-31 10:18:12,207 :  : WARN   : DialectFactoryImpl.java:153 : HHH90000025: MySQL8Dialect does not need to be specified explicitly using 'hibernate.dialect' (remove the property setting and it will be selected by default)
2024-10-31 10:18:12,207 :  : WARN   : DialectFactoryImpl.java:101 : HHH90000026: MySQL8Dialect has been deprecated; use org.hibernate.dialect.MySQLDialect instead
2024-10-31 10:18:12,413 :  : INFO   : JtaPlatformInitiator.java:59 : HHH000489: No JTA platform available (set 'hibernate.transaction.jta.platform' to enable JTA platform integration)
2024-10-31 10:18:12,500 :  : INFO   : HikariDataSource.java:349 : HikariPool-4 - Shutdown initiated...
2024-10-31 10:18:12,506 :  : INFO   : HikariDataSource.java:351 : HikariPool-4 - Shutdown completed.
2024-10-31 10:18:12,506 :  : INFO   : DirectJDKLog.java:173 : Stopping service [Tomcat]
2024-10-31 10:21:09,029 :  : INFO   : StartupInfoLogger.java:50 : Starting CrudWithGraphQlApplication using Java 22.0.2 with PID 2872 (D:\SpringBoot\Spring Boot GraphQL\CrudWithGraphQL\target\classes started by admin in D:\SpringBoot\Spring Boot GraphQL\CrudWithGraphQL)
2024-10-31 10:21:09,031 :  : INFO   : SpringApplication.java:654 : No active profile set, falling back to 1 default profile: "default"
2024-10-31 10:21:09,570 :  : INFO   : DirectJDKLog.java:173 : Initializing ProtocolHandler ["http-nio-9098"]
2024-10-31 10:21:09,571 :  : INFO   : DirectJDKLog.java:173 : Starting service [Tomcat]
2024-10-31 10:21:09,571 :  : INFO   : DirectJDKLog.java:173 : Starting Servlet engine: [Apache Tomcat/10.1.30]
2024-10-31 10:21:09,605 :  : INFO   : DirectJDKLog.java:173 : Initializing Spring embedded WebApplicationContext
2024-10-31 10:21:09,681 :  : INFO   : LogHelper.java:31 : HHH000204: Processing PersistenceUnitInfo [name: default]
2024-10-31 10:21:09,685 :  : INFO   : RegionFactoryInitiator.java:50 : HHH000026: Second-level cache disabled
2024-10-31 10:21:09,701 :  : INFO   : HikariDataSource.java:109 : HikariPool-5 - Starting...
2024-10-31 10:21:09,746 :  : INFO   : HikariPool.java:554 : HikariPool-5 - Added connection com.mysql.cj.jdbc.ConnectionImpl@143c3261
2024-10-31 10:21:09,747 :  : INFO   : HikariDataSource.java:122 : HikariPool-5 - Start completed.
2024-10-31 10:21:09,748 :  : WARN   : DialectFactoryImpl.java:153 : HHH90000025: MySQL8Dialect does not need to be specified explicitly using 'hibernate.dialect' (remove the property setting and it will be selected by default)
2024-10-31 10:21:09,749 :  : WARN   : DialectFactoryImpl.java:101 : HHH90000026: MySQL8Dialect has been deprecated; use org.hibernate.dialect.MySQLDialect instead
2024-10-31 10:21:09,875 :  : INFO   : JtaPlatformInitiator.java:59 : HHH000489: No JTA platform available (set 'hibernate.transaction.jta.platform' to enable JTA platform integration)
2024-10-31 10:21:10,624 :  : INFO   : DirectJDKLog.java:173 : Starting ProtocolHandler ["http-nio-9098"]
2024-10-31 10:21:10,655 :  : INFO   : StartupInfoLogger.java:56 : Started CrudWithGraphQlApplication in 1.707 seconds (process running for 375.203)
2024-10-31 10:21:10,663 :  : INFO   : CrudWithGraphQlApplication.java:21 : Spring Boot GraphQL Application Started...
2024-10-31 10:21:11,408 :  : INFO   : DirectJDKLog.java:173 : Initializing Spring DispatcherServlet 'dispatcherServlet'
2024-10-31 10:23:54,404 :  : INFO   : DirectJDKLog.java:173 : Stopping ProtocolHandler ["http-nio-9098"]
2024-10-31 10:23:54,416 :  : INFO   : HikariDataSource.java:349 : HikariPool-5 - Shutdown initiated...
2024-10-31 10:23:54,427 :  : INFO   : HikariDataSource.java:351 : HikariPool-5 - Shutdown completed.
2024-10-31 10:23:54,657 :  : INFO   : StartupInfoLogger.java:50 : Starting CrudWithGraphQlApplication using Java 22.0.2 with PID 2872 (D:\SpringBoot\Spring Boot GraphQL\CrudWithGraphQL\target\classes started by admin in D:\SpringBoot\Spring Boot GraphQL\CrudWithGraphQL)
2024-10-31 10:23:54,657 :  : INFO   : SpringApplication.java:654 : No active profile set, falling back to 1 default profile: "default"
2024-10-31 10:23:55,240 :  : INFO   : DirectJDKLog.java:173 : Initializing ProtocolHandler ["http-nio-9098"]
2024-10-31 10:23:55,240 :  : INFO   : DirectJDKLog.java:173 : Starting service [Tomcat]
2024-10-31 10:23:55,240 :  : INFO   : DirectJDKLog.java:173 : Starting Servlet engine: [Apache Tomcat/10.1.30]
2024-10-31 10:23:55,281 :  : INFO   : DirectJDKLog.java:173 : Initializing Spring embedded WebApplicationContext
2024-10-31 10:23:55,361 :  : INFO   : LogHelper.java:31 : HHH000204: Processing PersistenceUnitInfo [name: default]
2024-10-31 10:23:55,361 :  : INFO   : RegionFactoryInitiator.java:50 : HHH000026: Second-level cache disabled
2024-10-31 10:23:55,390 :  : INFO   : HikariDataSource.java:109 : HikariPool-6 - Starting...
2024-10-31 10:23:55,408 :  : INFO   : HikariPool.java:554 : HikariPool-6 - Added connection com.mysql.cj.jdbc.ConnectionImpl@77f7c04d
2024-10-31 10:23:55,408 :  : INFO   : HikariDataSource.java:122 : HikariPool-6 - Start completed.
2024-10-31 10:23:55,408 :  : WARN   : DialectFactoryImpl.java:153 : HHH90000025: MySQL8Dialect does not need to be specified explicitly using 'hibernate.dialect' (remove the property setting and it will be selected by default)
2024-10-31 10:23:55,408 :  : WARN   : DialectFactoryImpl.java:101 : HHH90000026: MySQL8Dialect has been deprecated; use org.hibernate.dialect.MySQLDialect instead
2024-10-31 10:23:55,583 :  : INFO   : JtaPlatformInitiator.java:59 : HHH000489: No JTA platform available (set 'hibernate.transaction.jta.platform' to enable JTA platform integration)
2024-10-31 10:23:56,205 :  : INFO   : DirectJDKLog.java:173 : Starting ProtocolHandler ["http-nio-9098"]
2024-10-31 10:23:56,225 :  : INFO   : StartupInfoLogger.java:56 : Started CrudWithGraphQlApplication in 1.7 seconds (process running for 540.773)
2024-10-31 10:23:56,226 :  : INFO   : CrudWithGraphQlApplication.java:21 : Spring Boot GraphQL Application Started...
2024-10-31 10:35:47,172 :  : INFO   : DirectJDKLog.java:173 : Initializing Spring DispatcherServlet 'dispatcherServlet'
2024-10-31 10:43:55,936 :  : INFO   : ProductController.java:46 : Update product quantity from db : Product(id=3, productName=TV, price=120000.0, productQuantity=345)
2024-10-31 10:44:12,908 :  : INFO   : ProductController.java:46 : Update product quantity from db : Product(id=3, productName=TV, price=120000.0, productQuantity=0)
2024-10-31 10:45:51,100 :  : INFO   : ProductController.java:46 : Update product quantity from db : Product(id=2, productName=Mobile, price=12000.0, productQuantity=0)
2024-10-31 10:52:34,566 :  : INFO   : HikariDataSource.java:349 : HikariPool-6 - Shutdown initiated...
2024-10-31 10:52:34,617 :  : INFO   : HikariDataSource.java:351 : HikariPool-6 - Shutdown completed.
2024-10-31 17:13:45,372 :  : INFO   : StartupInfoLogger.java:50 : Starting CrudWithGraphQlApplication using Java 22.0.2 with PID 13196 (D:\SpringBoot\Spring Boot GraphQL\CrudWithGraphQL\target\classes started by admin in D:\SpringBoot\Spring Boot GraphQL\CrudWithGraphQL)
2024-10-31 17:13:45,380 :  : INFO   : SpringApplication.java:654 : No active profile set, falling back to 1 default profile: "default"
2024-10-31 17:13:46,870 :  : INFO   : DirectJDKLog.java:173 : Initializing ProtocolHandler ["http-nio-9098"]
2024-10-31 17:13:46,885 :  : INFO   : DirectJDKLog.java:173 : Starting service [Tomcat]
2024-10-31 17:13:46,885 :  : INFO   : DirectJDKLog.java:173 : Starting Servlet engine: [Apache Tomcat/10.1.30]
2024-10-31 17:13:46,932 :  : INFO   : DirectJDKLog.java:173 : Initializing Spring embedded WebApplicationContext
2024-10-31 17:13:47,105 :  : INFO   : LogHelper.java:31 : HHH000204: Processing PersistenceUnitInfo [name: default]
2024-10-31 17:13:47,168 :  : INFO   : Version.java:44 : HHH000412: Hibernate ORM core version 6.5.3.Final
2024-10-31 17:13:47,201 :  : INFO   : RegionFactoryInitiator.java:50 : HHH000026: Second-level cache disabled
2024-10-31 17:13:47,545 :  : INFO   : HikariDataSource.java:109 : HikariPool-1 - Starting...
2024-10-31 17:13:48,031 :  : INFO   : HikariPool.java:554 : HikariPool-1 - Added connection com.mysql.cj.jdbc.ConnectionImpl@52ae927c
2024-10-31 17:13:48,031 :  : INFO   : HikariDataSource.java:122 : HikariPool-1 - Start completed.
2024-10-31 17:13:48,125 :  : WARN   : DialectFactoryImpl.java:153 : HHH90000025: MySQL8Dialect does not need to be specified explicitly using 'hibernate.dialect' (remove the property setting and it will be selected by default)
2024-10-31 17:13:48,125 :  : WARN   : DialectFactoryImpl.java:101 : HHH90000026: MySQL8Dialect has been deprecated; use org.hibernate.dialect.MySQLDialect instead
2024-10-31 17:13:49,067 :  : INFO   : JtaPlatformInitiator.java:59 : HHH000489: No JTA platform available (set 'hibernate.transaction.jta.platform' to enable JTA platform integration)
2024-10-31 17:13:50,407 :  : INFO   : DirectJDKLog.java:173 : Starting ProtocolHandler ["http-nio-9098"]
2024-10-31 17:13:50,432 :  : INFO   : StartupInfoLogger.java:56 : Started CrudWithGraphQlApplication in 5.434 seconds (process running for 7.24)
2024-10-31 17:13:50,432 :  : INFO   : CrudWithGraphQlApplication.java:21 : Spring Boot GraphQL Application Started...
2024-10-31 17:14:34,770 :  : INFO   : DirectJDKLog.java:173 : Initializing Spring DispatcherServlet 'dispatcherServlet'
2024-10-31 17:15:45,457 :  : INFO   : ProductController.java:61 : Delete product from db : delete product successfully
2024-10-31 17:18:17,873 :  : INFO   : HikariDataSource.java:349 : HikariPool-1 - Shutdown initiated...
2024-10-31 17:18:17,873 :  : INFO   : HikariDataSource.java:351 : HikariPool-1 - Shutdown completed.
